2024-07-01 12:27:11 - Neovide panicked with the message 'called `Option::unwrap()` on a `None` value'. (File: src/renderer/rendered_layer.rs; Line: 197, Column: 48)
   0: <unknown>
   1: <unknown>
   2: <unknown>
   3: <unknown>
   4: <unknown>
   5: <unknown>
   6: <unknown>
   7: <unknown>
   8: <unknown>
   9: <unknown>
  10: <unknown>
  11: <unknown>
  12: <unknown>
  13: <unknown>
  14: <unknown>
  15: <unknown>
  16: <unknown>
  17: __libc_start_call_main
             at ./csu/../sysdeps/nptl/libc_start_call_main.h:58:16
  18: __libc_start_main_impl
             at ./csu/../csu/libc-start.c:392:3
  19: <unknown>

